<?xml version="1.0" encoding="UTF-8"?>
<!-- Generated by org.testng.reporters.JUnitXMLReporter -->
<testsuite ignored="2" hostname="POGONOPHILE" failures="2" tests="5" name="UIBankTest" time="0.124" errors="0" timestamp="2023-06-11T21:44:38 IST">
  <testcase classname="base.BaseClass" name="@BeforeClass invokeBrowser" time="0.001">
    <failure type="java.lang.Error" message="Unresolved compilation problem: 
	PropertyReader cannot be resolved
">
      <![CDATA[java.lang.Error: Unresolved compilation problem: 
PropertyReader cannot be resolved

at base.BaseClass.invokeBrowser(BaseClass.java:67)
at java.base/java.util.ArrayList.forEach(ArrayList.java:1511)
... Removed 25 stack frames]]>
    </failure>
  </testcase> <!-- @BeforeClass invokeBrowser -->
  <testcase classname="base.BaseClass" name="@AfterClass closeBrowser" time="0.0">
    <skipped/>
  </testcase> <!-- @AfterClass closeBrowser -->
  <testcase classname="base.BaseClass" name="@BeforeClass invokeBrowser" time="0.001">
    <failure type="java.lang.Error" message="Unresolved compilation problem: 
	PropertyReader cannot be resolved
">
      <![CDATA[java.lang.Error: Unresolved compilation problem: 
PropertyReader cannot be resolved

at base.BaseClass.invokeBrowser(BaseClass.java:67)
at java.base/java.util.ArrayList.forEach(ArrayList.java:1511)
... Removed 25 stack frames]]>
    </failure>
  </testcase> <!-- @BeforeClass invokeBrowser -->
  <testcase classname="base.BaseClass" name="@AfterClass closeBrowser" time="0.0">
    <skipped/>
  </testcase> <!-- @AfterClass closeBrowser -->
  <testcase classname="tests.TC01LoginTestCase" name="validateAllTheElements" time="0.0">
    <skipped/>
  </testcase> <!-- validateAllTheElements -->
  <testcase classname="tests.TC01LoginTestCase" name="loginWithValidCredentials" time="0.0">
    <failure type="java.lang.RuntimeException" message="java.lang.Error: Unresolved compilation problem: 
	ExcelReader cannot be resolved
">
      <![CDATA[java.lang.RuntimeException: java.lang.Error: Unresolved compilation problem: 
ExcelReader cannot be resolved

at java.base/java.util.ArrayList.forEach(ArrayList.java:1511)
Caused by: java.lang.Error: Unresolved compilation problem: 
ExcelReader cannot be resolved

at base.BaseClass.excelReader(BaseClass.java:81)
... 25 more
... Removed 32 stack frames]]>
    </failure>
  </testcase> <!-- loginWithValidCredentials -->
  <testcase classname="tests.TC01LoginTestCase" name="loginWithInvalidCredentials" time="0.0">
    <skipped/>
  </testcase> <!-- loginWithInvalidCredentials -->
  <testcase classname="tests.TC02RegisterTestCase" name="validateAllTheElements" time="0.0">
    <skipped/>
  </testcase> <!-- validateAllTheElements -->
  <testcase classname="tests.TC02RegisterTestCase" name="newUserRegistration" time="0.0">
    <failure type="java.lang.RuntimeException" message="java.lang.Error: Unresolved compilation problem: 
	ExcelReader cannot be resolved
">
      <![CDATA[java.lang.RuntimeException: java.lang.Error: Unresolved compilation problem: 
ExcelReader cannot be resolved

at java.base/java.util.ArrayList.forEach(ArrayList.java:1511)
Caused by: java.lang.Error: Unresolved compilation problem: 
ExcelReader cannot be resolved

at base.BaseClass.excelReader(BaseClass.java:81)
... 25 more
... Removed 32 stack frames]]>
    </failure>
  </testcase> <!-- newUserRegistration -->
  <testcase classname="base.BaseClass" name="@AfterSuite flushReport" time="0.0">
    <ignored/>
  </testcase> <!-- @AfterSuite flushReport -->
  <testcase classname="base.BaseClass" name="@BeforeSuite reportInit" time="0.0">
    <ignored/>
  </testcase> <!-- @BeforeSuite reportInit -->
</testsuite> <!-- UIBankTest -->
