<?xml version="1.0" encoding="UTF-8"?>
<!-- Generated by org.testng.reporters.JUnitXMLReporter -->
<testsuite ignored="2" hostname="POGONOPHILE" failures="0" tests="9" name="UIBankTest" time="62.87" errors="0" timestamp="2023-06-10T14:30:10 IST">
  <testcase classname="tests.TC01LoginTestCase" name="validateAllTheElements" time="2.581"/>
  <testcase classname="tests.TC01LoginTestCase" name="loginWithValidCredentials" time="5.265"/>
  <testcase classname="tests.TC01LoginTestCase" name="loginWithValidCredentials" time="5.85"/>
  <testcase classname="tests.TC01LoginTestCase" name="loginWithValidCredentials" time="5.347"/>
  <testcase classname="tests.TC01LoginTestCase" name="loginWithInvalidCredentials" time="2.336"/>
  <testcase classname="tests.TC02RegisterTestCase" name="validateAllTheElements" time="1.934"/>
  <testcase classname="tests.TC02RegisterTestCase" name="newUserRegistration" time="9.727"/>
  <testcase classname="tests.TC02RegisterTestCase" name="newUserRegistration" time="8.272"/>
  <testcase classname="tests.TC02RegisterTestCase" name="newUserRegistration" time="7.991"/>
  <testcase classname="base.BaseClass" name="@AfterSuite flushReport" time="0.0">
    <ignored/>
  </testcase> <!-- @AfterSuite flushReport -->
  <testcase classname="base.BaseClass" name="@BeforeSuite reportInit" time="0.0">
    <ignored/>
  </testcase> <!-- @BeforeSuite reportInit -->
</testsuite> <!-- UIBankTest -->
