<?xml version="1.0" encoding="UTF-8"?>
<testng-results ignored="0" total="4" passed="4" failed="0" skipped="0">
  <reporter-output>
  </reporter-output>
  <suite started-at="2023-06-09T11:27:11 IST" name="Default suite" finished-at="2023-06-09T11:27:24 IST" duration-ms="12512">
    <groups>
    </groups>
    <test started-at="2023-06-09T11:27:11 IST" name="Default test" finished-at="2023-06-09T11:27:24 IST" duration-ms="12512">
      <class name="tests.TC02_RegisterTestCase">
        <test-method is-config="true" signature="testSetup()[pri:0, instance:tests.TC02_RegisterTestCase@7ef82753]" started-at="2023-06-09T11:27:11 IST" name="testSetup" finished-at="2023-06-09T11:27:11 IST" duration-ms="16" status="PASS">
          <reporter-output>
          </reporter-output>
        </test-method> <!-- testSetup -->
        <test-method is-config="true" signature="invokeBrowser()[pri:0, instance:tests.TC02_RegisterTestCase@7ef82753]" started-at="2023-06-09T11:27:11 IST" name="invokeBrowser" finished-at="2023-06-09T11:27:17 IST" duration-ms="5167" status="PASS">
          <reporter-output>
          </reporter-output>
        </test-method> <!-- invokeBrowser -->
        <test-method signature="validateAllTheElements()[pri:1, instance:tests.TC02_RegisterTestCase@7ef82753]" started-at="2023-06-09T11:27:17 IST" name="validateAllTheElements" finished-at="2023-06-09T11:27:17 IST" duration-ms="279" status="PASS">
          <reporter-output>
          </reporter-output>
        </test-method> <!-- validateAllTheElements -->
        <test-method signature="newUserRegistration(java.lang.String,java.lang.String,java.lang.String,java.lang.String,java.lang.String,java.lang.String,int,int,int,java.lang.String,int,java.lang.String,java.lang.String,java.lang.String)[pri:2, instance:tests.TC02_RegisterTestCase@7ef82753]" started-at="2023-06-09T11:27:18 IST" name="newUserRegistration" data-provider="ExcelData" finished-at="2023-06-09T11:27:20 IST" duration-ms="2610" status="PASS">
          <params>
            <param index="0">
              <value>
                <![CDATA[Ram]]>
              </value>
            </param>
            <param index="1">
              <value>
                <![CDATA[Mr]]>
              </value>
            </param>
            <param index="2">
              <value>
                <![CDATA[Kumar]]>
              </value>
            </param>
            <param index="3">
              <value>
                <![CDATA[R]]>
              </value>
            </param>
            <param index="4">
              <value>
                <![CDATA[Male]]>
              </value>
            </param>
            <param index="5">
              <value>
                <![CDATA[Full-time]]>
              </value>
            </param>
            <param index="6">
              <value>
                <![CDATA[10]]>
              </value>
            </param>
            <param index="7">
              <value>
                <![CDATA[29]]>
              </value>
            </param>
            <param index="8">
              <value>
                <![CDATA[1998]]>
              </value>
            </param>
            <param index="9">
              <value>
                <![CDATA[Single]]>
              </value>
            </param>
            <param index="10">
              <value>
                <![CDATA[1]]>
              </value>
            </param>
            <param index="11">
              <value>
                <![CDATA[ram]]>
              </value>
            </param>
            <param index="12">
              <value>
                <![CDATA[ram]]>
              </value>
            </param>
            <param index="13">
              <value>
                <![CDATA[Praviram2910]]>
              </value>
            </param>
          </params>
          <reporter-output>
          </reporter-output>
        </test-method> <!-- newUserRegistration -->
        <test-method signature="newUserRegistration(java.lang.String,java.lang.String,java.lang.String,java.lang.String,java.lang.String,java.lang.String,int,int,int,java.lang.String,int,java.lang.String,java.lang.String,java.lang.String)[pri:2, instance:tests.TC02_RegisterTestCase@7ef82753]" started-at="2023-06-09T11:27:20 IST" name="newUserRegistration" data-provider="ExcelData" finished-at="2023-06-09T11:27:22 IST" duration-ms="1641" status="PASS">
          <params>
            <param index="0">
              <value>
                <![CDATA[Rajesh]]>
              </value>
            </param>
            <param index="1">
              <value>
                <![CDATA[Mr]]>
              </value>
            </param>
            <param index="2">
              <value>
                <![CDATA[waran]]>
              </value>
            </param>
            <param index="3">
              <value>
                <![CDATA[S]]>
              </value>
            </param>
            <param index="4">
              <value>
                <![CDATA[Male]]>
              </value>
            </param>
            <param index="5">
              <value>
                <![CDATA[Full-time]]>
              </value>
            </param>
            <param index="6">
              <value>
                <![CDATA[7]]>
              </value>
            </param>
            <param index="7">
              <value>
                <![CDATA[11]]>
              </value>
            </param>
            <param index="8">
              <value>
                <![CDATA[1996]]>
              </value>
            </param>
            <param index="9">
              <value>
                <![CDATA[Single]]>
              </value>
            </param>
            <param index="10">
              <value>
                <![CDATA[1]]>
              </value>
            </param>
            <param index="11">
              <value>
                <![CDATA[rajesh]]>
              </value>
            </param>
            <param index="12">
              <value>
                <![CDATA[rajesh]]>
              </value>
            </param>
            <param index="13">
              <value>
                <![CDATA[Rajesh100]]>
              </value>
            </param>
          </params>
          <reporter-output>
          </reporter-output>
        </test-method> <!-- newUserRegistration -->
        <test-method signature="newUserRegistration(java.lang.String,java.lang.String,java.lang.String,java.lang.String,java.lang.String,java.lang.String,int,int,int,java.lang.String,int,java.lang.String,java.lang.String,java.lang.String)[pri:2, instance:tests.TC02_RegisterTestCase@7ef82753]" started-at="2023-06-09T11:27:22 IST" name="newUserRegistration" data-provider="ExcelData" finished-at="2023-06-09T11:27:24 IST" duration-ms="1578" status="PASS">
          <params>
            <param index="0">
              <value>
                <![CDATA[Prem]]>
              </value>
            </param>
            <param index="1">
              <value>
                <![CDATA[Mr]]>
              </value>
            </param>
            <param index="2">
              <value>
                <![CDATA[Kumar]]>
              </value>
            </param>
            <param index="3">
              <value>
                <![CDATA[R]]>
              </value>
            </param>
            <param index="4">
              <value>
                <![CDATA[Male]]>
              </value>
            </param>
            <param index="5">
              <value>
                <![CDATA[Full-time]]>
              </value>
            </param>
            <param index="6">
              <value>
                <![CDATA[12]]>
              </value>
            </param>
            <param index="7">
              <value>
                <![CDATA[12]]>
              </value>
            </param>
            <param index="8">
              <value>
                <![CDATA[1997]]>
              </value>
            </param>
            <param index="9">
              <value>
                <![CDATA[Single]]>
              </value>
            </param>
            <param index="10">
              <value>
                <![CDATA[1]]>
              </value>
            </param>
            <param index="11">
              <value>
                <![CDATA[prem]]>
              </value>
            </param>
            <param index="12">
              <value>
                <![CDATA[prem]]>
              </value>
            </param>
            <param index="13">
              <value>
                <![CDATA[Prem100]]>
              </value>
            </param>
          </params>
          <reporter-output>
          </reporter-output>
        </test-method> <!-- newUserRegistration -->
        <test-method is-config="true" signature="closeBrowser()[pri:0, instance:tests.TC02_RegisterTestCase@7ef82753]" started-at="2023-06-09T11:27:24 IST" name="closeBrowser" finished-at="2023-06-09T11:27:24 IST" duration-ms="202" status="PASS">
          <reporter-output>
          </reporter-output>
        </test-method> <!-- closeBrowser -->
      </class> <!-- tests.TC02_RegisterTestCase -->
    </test> <!-- Default test -->
  </suite> <!-- Default suite -->
</testng-results>
